<?xml version="1.0" encoding="UTF-8"?>
<!-- Generated by org.testng.reporters.JUnitReportReporter -->
<testsuite skipped="0" hostname="DESKTOP-QFDSF5H" name="com.testologic.tests.LoginTests" tests="2" failures="0" timestamp="03 Mar 2018 09:32:56 GMT" time="0.000" errors="0">
  <testcase name="shouldLoginSuccessfully" time="0.000" classname="com.testologic.tests.LoginTests"/>
  <testcase name="ShouldFailedLogin" time="0.000" classname="com.testologic.tests.LoginTests"/>
</testsuite> <!-- com.testologic.tests.LoginTests -->
